c:\users\micha\onedrive\documents\github\egp-410\gameai\pathfinding\game\debug\vc141.pdb
c:\users\micha\onedrive\documents\github\egp-410\gameai\pathfinding\game\debug\vc141.idb
c:\users\micha\onedrive\documents\github\egp-410\gameai\pathfinding\game\debug\gridpathfinder.obj
c:\users\micha\onedrive\documents\github\egp-410\gameai\pathfinding\game\debug\gridgraph.obj
c:\users\micha\onedrive\documents\github\egp-410\gameai\pathfinding\game\debug\graph.obj
c:\users\micha\onedrive\documents\github\egp-410\gameai\pathfinding\game\debug\gamemessagemanager.obj
c:\users\micha\onedrive\documents\github\egp-410\gameai\pathfinding\game\debug\gamemessage.obj
c:\users\micha\onedrive\documents\github\egp-410\gameai\pathfinding\game\debug\gameapp.obj
c:\users\micha\onedrive\documents\github\egp-410\gameai\pathfinding\game\debug\depthfirstpathfinder.obj
c:\users\micha\onedrive\documents\github\egp-410\gameai\pathfinding\game\debug\debugdisplay.obj
c:\users\micha\onedrive\documents\github\egp-410\gameai\pathfinding\game\debug\connection.obj
c:\users\micha\onedrive\documents\github\egp-410\gameai\pathfinding\game\debug\spritemanager.obj
c:\users\micha\onedrive\documents\github\egp-410\gameai\pathfinding\game\debug\sprite.obj
c:\users\micha\onedrive\documents\github\egp-410\gameai\pathfinding\game\debug\renderer.obj
c:\users\micha\onedrive\documents\github\egp-410\gameai\pathfinding\game\debug\gridvisualizer.obj
c:\users\micha\onedrive\documents\github\egp-410\gameai\pathfinding\game\debug\grid.obj
c:\users\micha\onedrive\documents\github\egp-410\gameai\pathfinding\game\debug\graphicssystem.obj
c:\users\micha\onedrive\documents\github\egp-410\gameai\pathfinding\game\debug\graphicsbuffermanager.obj
c:\users\micha\onedrive\documents\github\egp-410\gameai\pathfinding\game\debug\graphicsbuffer.obj
c:\users\micha\onedrive\documents\github\egp-410\gameai\pathfinding\game\debug\game.obj
c:\users\micha\onedrive\documents\github\egp-410\gameai\pathfinding\game\debug\font.obj
c:\users\micha\onedrive\documents\github\egp-410\gameai\pathfinding\game\debug\color.obj
c:\users\micha\onedrive\documents\github\egp-410\gameai\pathfinding\game\debug\pathtomessage.obj
c:\users\micha\onedrive\documents\github\egp-410\gameai\pathfinding\game\debug\pathfindingdebugcontent.obj
c:\users\micha\onedrive\documents\github\egp-410\gameai\pathfinding\game\debug\pathfinder.obj
c:\users\micha\onedrive\documents\github\egp-410\gameai\pathfinding\game\debug\path.obj
c:\users\micha\onedrive\documents\github\egp-410\gameai\pathfinding\game\debug\node.obj
c:\users\micha\onedrive\documents\github\egp-410\gameai\pathfinding\game\debug\pathfinding.tlog\cl.command.1.tlog
c:\users\micha\onedrive\documents\github\egp-410\gameai\pathfinding\game\debug\pathfinding.tlog\cl.read.1.tlog
c:\users\micha\onedrive\documents\github\egp-410\gameai\pathfinding\game\debug\pathfinding.tlog\cl.write.1.tlog
